Info : Listening on port 6666 for tcl connections
Info : Listening on port 4444 for telnet connections
Info : clock speed 1000 kHz
Info : STLINK V2J37M26 (API v2) VID:PID 0483:374B
Info : Target voltage: 2.891583
Info : stm32f3x.cpu: hardware has 6 breakpoints, 4 watchpoints
Info : starting gdb server for stm32f3x.cpu on pipe
Info : accepting 'gdb' connection from pipe
target halted due to debug-request, current mode: Thread 
xPSR: 0x61010000 pc: 0x0800a2da msp: 0x20007f74
Info : device id = 0x10036422
Info : flash size = 256kbytes
Info : Unable to match requested speed 1000 kHz, using 950 kHz
Info : Unable to match requested speed 1000 kHz, using 950 kHz
target halted due to debug-request, current mode: Thread 
xPSR: 0x01000000 pc: 0x0800e874 msp: 0x20008000
Info : halted: PC: 0x08000250
Info : halted: PC: 0x08000252
Info : halted: PC: 0x08000254
Info : halted: PC: 0x08000258
Info : halted: PC: 0x0800025c
Info : halted: PC: 0x0800025e
Info : halted: PC: 0x08000260
Info : halted: PC: 0x08000264
Info : halted: PC: 0x08000266
Info : halted: PC: 0x0800dbc8
Info : halted: PC: 0x0800026e
Info : halted: PC: 0x08000258
Info : halted: PC: 0x0800025c
Info : halted: PC: 0x0800025e
Info : halted: PC: 0x08000260
Info : halted: PC: 0x08000264
Info : halted: PC: 0x08000266
Info : halted: PC: 0x0800dbc8
Info : halted: PC: 0x0800026e
Info : halted: PC: 0x08000258
Info : halted: PC: 0x0800025c
Info : halted: PC: 0x0800025e
Info : halted: PC: 0x08000260
Info : halted: PC: 0x08000264
Info : halted: PC: 0x08000266
Info : halted: PC: 0x0800dbc8
Info : halted: PC: 0x0800026e
Info : halted: PC: 0x08000258
Info : halted: PC: 0x0800025c
Info : halted: PC: 0x0800025e
Info : halted: PC: 0x08000260
Info : halted: PC: 0x08000264
Info : halted: PC: 0x08000266
Info : halted: PC: 0x0800dbc8
Info : halted: PC: 0x0800026e
Info : halted: PC: 0x08000258
Info : halted: PC: 0x0800025c
Info : halted: PC: 0x0800025e
Info : halted: PC: 0x08000260
Info : halted: PC: 0x08000264
Info : halted: PC: 0x08000266
Info : halted: PC: 0x0800dbc8
Info : halted: PC: 0x0800026e
Info : halted: PC: 0x08000258
Info : halted: PC: 0x0800025c
Info : halted: PC: 0x0800025e
Info : halted: PC: 0x08000260
Info : halted: PC: 0x08000264
Info : halted: PC: 0x08000266
Info : halted: PC: 0x0800dbc8
Info : halted: PC: 0x0800026e
Info : halted: PC: 0x08000258
Info : halted: PC: 0x0800025c
Info : halted: PC: 0x0800025e
Info : halted: PC: 0x08000270
Info : halted: PC: 0x08000274
Info : halted: PC: 0x08009c92
Info : halted: PC: 0x08009c94
Info : halted: PC: 0x08009c96
Info : halted: PC: 0x080004d8
Info : halted: PC: 0x08009c9c
Info : halted: PC: 0x08009e76
Info : dropped 'gdb' connection
